12:39:22.050 [TestNG-tests-2] INFO  Automation.E2EProjectTwo.ValidateTitle - 1 Driver initialised
12:39:22.136 [TestNG-tests-3] INFO  Automation.E2EProjectTwo.HomePage - 1. Driver is initialised
12:39:22.809 [TestNG-tests-1] INFO  Automation.E2EProjectTwo.ValidateNavBar - Initialised Driver
12:39:28.720 [TestNG-tests-1] INFO  Automation.E2EProjectTwo.ValidateNavBar - Navigated to homepage
12:39:29.026 [TestNG-tests-1] INFO  Automation.E2EProjectTwo.ValidateNavBar - Validated navigation bar is present
12:39:29.298 [TestNG-tests-3] INFO  Automation.E2EProjectTwo.HomePage - 2. Navigated to homepage
12:39:29.571 [TestNG-tests-2] INFO  Automation.E2EProjectTwo.ValidateTitle - 2 Navigated to homepage
12:39:29.692 [TestNG-tests-2] INFO  Automation.E2EProjectTwo.ValidateTitle - 4. Validated Header Text on Home Page
12:39:31.304 [TestNG-tests-1] INFO  Automation.E2EProjectTwo.ValidateNavBar - Closed browser window
12:39:31.429 [TestNG-tests-3] INFO  Automation.E2EProjectTwo.HomePage - 3. Navigated to login page
12:39:31.490 [TestNG-tests-2] INFO  Automation.E2EProjectTwo.ValidateTitle - 5. Closed Browser window
12:39:32.159 [TestNG-tests-3] INFO  Automation.E2EProjectTwo.HomePage - 4. Unrestricted User
12:39:34.481 [TestNG-tests-3] INFO  Automation.E2EProjectTwo.HomePage - 2. Navigated to homepage
12:39:34.924 [TestNG-tests-3] INFO  Automation.E2EProjectTwo.HomePage - 3. Navigated to login page
12:39:35.425 [TestNG-tests-3] INFO  Automation.E2EProjectTwo.HomePage - 4. Restricted User
12:39:36.204 [TestNG-tests-3] INFO  Automation.E2EProjectTwo.HomePage - 5. Closed browser window
13:01:23.770 [TestNG-tests-2] INFO  Automation.E2EProjectTwo.ValidateTitle - 1 Driver initialised
13:01:23.824 [TestNG-tests-3] INFO  Automation.E2EProjectTwo.HomePage - 1. Driver is initialised
13:01:24.037 [TestNG-tests-1] INFO  Automation.E2EProjectTwo.ValidateNavBar - Initialised Driver
13:01:29.877 [TestNG-tests-1] INFO  Automation.E2EProjectTwo.ValidateNavBar - Navigated to homepage
13:01:30.213 [TestNG-tests-1] INFO  Automation.E2EProjectTwo.ValidateNavBar - Validated navigation bar is present
13:01:31.764 [TestNG-tests-2] INFO  Automation.E2EProjectTwo.ValidateTitle - 2 Navigated to homepage
13:01:31.832 [TestNG-tests-2] INFO  Automation.E2EProjectTwo.ValidateTitle - 4. Validated Header Text on Home Page
13:01:33.043 [TestNG-tests-3] INFO  Automation.E2EProjectTwo.HomePage - 2. Navigated to homepage
13:01:33.328 [TestNG-tests-1] INFO  Automation.E2EProjectTwo.ValidateNavBar - Closed browser window
13:01:33.520 [TestNG-tests-2] INFO  Automation.E2EProjectTwo.ValidateTitle - 5. Closed Browser window
13:01:34.715 [TestNG-tests-3] INFO  Automation.E2EProjectTwo.HomePage - 3. Navigated to login page
13:01:35.283 [TestNG-tests-3] INFO  Automation.E2EProjectTwo.HomePage - 4. Unrestricted User
13:01:37.594 [TestNG-tests-3] INFO  Automation.E2EProjectTwo.HomePage - 2. Navigated to homepage
13:01:38.009 [TestNG-tests-3] INFO  Automation.E2EProjectTwo.HomePage - 3. Navigated to login page
13:01:38.536 [TestNG-tests-3] INFO  Automation.E2EProjectTwo.HomePage - 4. Restricted User
13:01:39.269 [TestNG-tests-3] INFO  Automation.E2EProjectTwo.HomePage - 5. Closed browser window
13:29:28.604 [TestNG-tests-3] INFO  Automation.E2EProjectTwo.HomePage - 1. Driver is initialised
13:29:28.615 [TestNG-tests-1] INFO  Automation.E2EProjectTwo.ValidateNavBar - Initialised Driver
13:29:28.828 [TestNG-tests-2] INFO  Automation.E2EProjectTwo.ValidateTitle - 1 Driver initialised
13:29:33.613 [TestNG-tests-3] INFO  Automation.E2EProjectTwo.HomePage - 2. Navigated to homepage
13:29:33.934 [TestNG-tests-1] INFO  Automation.E2EProjectTwo.ValidateNavBar - Navigated to homepage
13:29:34.106 [TestNG-tests-1] INFO  Automation.E2EProjectTwo.ValidateNavBar - Validated navigation bar is present
13:29:35.289 [TestNG-tests-3] INFO  Automation.E2EProjectTwo.HomePage - 3. Navigated to login page
13:29:35.845 [TestNG-tests-1] INFO  Automation.E2EProjectTwo.ValidateNavBar - Closed browser window
13:29:37.983 [TestNG-tests-2] INFO  Automation.E2EProjectTwo.ValidateTitle - 2 Navigated to homepage
13:29:38.046 [TestNG-tests-2] INFO  Automation.E2EProjectTwo.ValidateTitle - 4. Validated Header Text on Home Page
13:29:38.064 [TestNG-tests-3] INFO  Automation.E2EProjectTwo.HomePage - 4. Unrestricted User
13:29:39.251 [TestNG-tests-2] INFO  Automation.E2EProjectTwo.ValidateTitle - 5. Closed Browser window
13:29:41.170 [TestNG-tests-3] INFO  Automation.E2EProjectTwo.HomePage - 2. Navigated to homepage
13:29:41.788 [TestNG-tests-3] INFO  Automation.E2EProjectTwo.HomePage - 3. Navigated to login page
13:29:42.329 [TestNG-tests-3] INFO  Automation.E2EProjectTwo.HomePage - 4. Restricted User
13:29:43.381 [TestNG-tests-3] INFO  Automation.E2EProjectTwo.HomePage - 5. Closed browser window
13:30:36.514 [TestNG-tests-1] INFO  Automation.E2EProjectTwo.ValidateNavBar - Initialised Driver
13:30:36.515 [TestNG-tests-3] INFO  Automation.E2EProjectTwo.HomePage - 1. Driver is initialised
13:30:37.056 [TestNG-tests-2] INFO  Automation.E2EProjectTwo.ValidateTitle - 1 Driver initialised
